10/5/2015 1:39:23 AM:  ----------------------------------------------------------------------------------------------------------------------
10/5/2015 1:39:23 AM:                              INFO: Start processing: C:\volume\inventory\md_order_010.csv 
10/5/2015 1:39:23 AM:  ----------------------------------------------------------------------------------------------------------------------
10/5/2015 1:39:23 AM:  INFO: Configlet for S/N: NK0213100082 populated                                                                      
10/5/2015 1:39:23 AM:  INFO: Configlet for S/N: JR0213120206 populated                                                                      
10/5/2015 1:39:23 AM:  INFO: Configlet for S/N: NK0213100011 populated                                                                      
10/5/2015 1:39:23 AM:  INFO: Configlet for S/N: NK0213100096 populated                                                                      
10/5/2015 1:39:23 AM:  ----------------------------------------------------------------------------------------------------------------------
10/5/2015 1:39:23 AM:                               INFO: END processing: C:\volume\inventory\md_order_010.csv 
10/5/2015 1:39:23 AM:  ----------------------------------------------------------------------------------------------------------------------
10/5/2015 1:42:53 AM:  ----------------------------------------------------------------------------------------------------------------------
10/5/2015 1:42:53 AM:                              INFO: Start processing: C:\volume\inventory\md_order_010.csv 
10/5/2015 1:42:53 AM:  ----------------------------------------------------------------------------------------------------------------------
10/5/2015 1:42:53 AM:  INFO: Configlet for S/N: WC3714510129 populated                                                                      
10/5/2015 1:42:53 AM:  INFO: Configlet for S/N: NK0213100096 populated                                                                      
10/5/2015 1:42:53 AM:  ----------------------------------------------------------------------------------------------------------------------
10/5/2015 1:42:53 AM:                               INFO: END processing: C:\volume\inventory\md_order_010.csv 
10/5/2015 1:42:53 AM:  ----------------------------------------------------------------------------------------------------------------------
10/6/2015 10:53:24 AM:  ---------------------------------------------------------------------------------------------------------------------
10/6/2015 10:53:24 AM:                           INFO: Start processing: C:\volume\inventory\md_order_0001_001.csv 
10/6/2015 10:53:24 AM:  ---------------------------------------------------------------------------------------------------------------------
10/6/2015 10:53:24 AM:  INFO: Configlet for S/N: NK0213100082 populated                                                                     
10/6/2015 10:53:24 AM:  INFO: Configlet for S/N: JR0213120206 populated                                                                     
10/6/2015 10:53:24 AM:  INFO: Configlet for S/N: NK0213100011 populated                                                                     
10/6/2015 10:53:24 AM:  INFO: Configlet for S/N: NK0213100096 populated                                                                     
10/6/2015 10:53:24 AM:  INFO: Configlet for S/N: WC3714510129 populated                                                                     
10/6/2015 10:53:24 AM:  ---------------------------------------------------------------------------------------------------------------------
10/6/2015 10:53:24 AM:                            INFO: END processing: C:\volume\inventory\md_order_0001_001.csv 
10/6/2015 10:53:24 AM:  ---------------------------------------------------------------------------------------------------------------------
10/7/2015 6:58:40 PM:  ----------------------------------------------------------------------------------------------------------------------
10/7/2015 6:58:40 PM:                           INFO: Start processing: C:\volume\inventory\md_order_0002_001.csv 
10/7/2015 6:58:40 PM:  ----------------------------------------------------------------------------------------------------------------------
10/7/2015 6:58:40 PM:  INFO: Configlet for S/N: NK0213100082 populated                                                                      
10/7/2015 6:58:40 PM:  INFO: Configlet for S/N: JR0213120206 populated                                                                      
10/7/2015 6:58:40 PM:  INFO: Configlet for S/N: NK0213100011 populated                                                                      
10/7/2015 6:58:40 PM:  INFO: Configlet for S/N: NK0213100096 populated                                                                      
10/7/2015 6:58:40 PM:  ----------------------------------------------------------------------------------------------------------------------
10/7/2015 6:58:40 PM:                            INFO: END processing: C:\volume\inventory\md_order_0002_001.csv 
10/7/2015 6:58:40 PM:  ----------------------------------------------------------------------------------------------------------------------
10/7/2015 10:48:20 PM:  ---------------------------------------------------------------------------------------------------------------------
10/7/2015 10:48:20 PM:                           INFO: Start processing: C:\volume\inventory\md_order_0002_002.csv 
10/7/2015 10:48:20 PM:  ---------------------------------------------------------------------------------------------------------------------
10/7/2015 10:48:20 PM:  INFO: Configlet for S/N: NK0213100082 populated                                                                     
10/7/2015 10:48:20 PM:  INFO: Configlet for S/N: JR0213120206 populated                                                                     
10/7/2015 10:48:20 PM:  INFO: Configlet for S/N: NK0213100011 populated                                                                     
10/7/2015 10:48:20 PM:  INFO: Configlet for S/N: NK0213100096 populated                                                                     
10/7/2015 10:48:20 PM:  ---------------------------------------------------------------------------------------------------------------------
10/7/2015 10:48:20 PM:                            INFO: END processing: C:\volume\inventory\md_order_0002_002.csv 
10/7/2015 10:48:20 PM:  ---------------------------------------------------------------------------------------------------------------------
